<?xml version="1.0" encoding="UTF-8"?>
<!-- Generated by org.testng.reporters.JUnitXMLReporter -->
<testsuite ignored="0" hostname="DESKTOP-IT2FEOA" failures="0" tests="3" name="Default test" time="14.357" errors="0" timestamp="2024-04-07T16:30:16 IST">
  <testcase classname="lumawebtesting.Sort_Products_By_Prize" name="HomePagetitleVerification" time="0.019"/>
  <testcase classname="lumawebtesting.Sort_Products_By_Prize" name="Sort_Product" time="4.951"/>
  <testcase classname="lumawebtesting.Sort_Products_By_Prize" name="close" time="0.175"/>
</testsuite> <!-- Default test -->
