<?xml version="1.0" encoding="UTF-8"?>
<testng-results ignored="0" total="3" passed="3" failed="0" skipped="0">
  <reporter-output>
  </reporter-output>
  <suite started-at="2024-04-07T16:30:01 IST" name="Default suite" finished-at="2024-04-07T16:30:16 IST" duration-ms="14357">
    <groups>
    </groups>
    <test started-at="2024-04-07T16:30:01 IST" name="Default test" finished-at="2024-04-07T16:30:16 IST" duration-ms="14357">
      <class name="lumawebtesting.Sort_Products_By_Prize">
        <test-method is-config="true" signature="setup()[pri:0, instance:lumawebtesting.Sort_Products_By_Prize@9f116cc]" started-at="2024-04-07T16:30:01 IST" name="setup" finished-at="2024-04-07T16:30:11 IST" duration-ms="9160" status="PASS">
          <reporter-output>
          </reporter-output>
        </test-method> <!-- setup -->
        <test-method signature="HomePagetitleVerification()[pri:1, instance:lumawebtesting.Sort_Products_By_Prize@9f116cc]" started-at="2024-04-07T16:30:11 IST" name="HomePagetitleVerification" finished-at="2024-04-07T16:30:11 IST" duration-ms="19" status="PASS">
          <reporter-output>
          </reporter-output>
        </test-method> <!-- HomePagetitleVerification -->
        <test-method signature="Sort_Product()[pri:2, instance:lumawebtesting.Sort_Products_By_Prize@9f116cc]" started-at="2024-04-07T16:30:11 IST" name="Sort_Product" finished-at="2024-04-07T16:30:16 IST" duration-ms="4951" status="PASS">
          <reporter-output>
          </reporter-output>
        </test-method> <!-- Sort_Product -->
        <test-method signature="close()[pri:3, instance:lumawebtesting.Sort_Products_By_Prize@9f116cc]" started-at="2024-04-07T16:30:16 IST" name="close" finished-at="2024-04-07T16:30:16 IST" duration-ms="175" status="PASS">
          <reporter-output>
          </reporter-output>
        </test-method> <!-- close -->
      </class> <!-- lumawebtesting.Sort_Products_By_Prize -->
    </test> <!-- Default test -->
  </suite> <!-- Default suite -->
</testng-results>
